<?xml version="1.0" encoding="UTF-8"?>
<!-- Generated by org.testng.reporters.JUnitReportReporter -->
<testsuite hostname="r9yzbgd" name="com.example.tests.CreateGroupTests" tests="2" failures="0" timestamp="12 Aug 2014 17:34:23 GMT" time="6.128" errors="0">
  <testcase name="testEmptyGroupCreation" time="3.175" classname="com.example.tests.CreateGroupTests"/>
  <testcase name="testNonEmptyGroupCreation" time="2.953" classname="com.example.tests.CreateGroupTests"/>
</testsuite> <!-- com.example.tests.CreateGroupTests -->
