<?xml version="1.0" encoding="UTF-8"?>
<!-- Generated by org.testng.reporters.JUnitReportReporter -->
<testsuite hostname="801646-ПК" name="com.example.tests.CreateGroupTests" tests="2" failures="0" timestamp="4 Aug 2014 06:25:17 GMT" time="10.041" errors="0">
  <testcase name="testNonEmptyGroupCreation" time="4.409" classname="com.example.tests.CreateGroupTests"/>
  <testcase name="testEmptyGroupCreation" time="5.632" classname="com.example.tests.CreateGroupTests"/>
</testsuite> <!-- com.example.tests.CreateGroupTests -->
