<?xml version="1.0" encoding="UTF-8"?>
<!-- Generated by org.testng.reporters.JUnitReportReporter -->
<testsuite hostname="801646-ПК" name="com.example.tests.CreateGroupTests" tests="2" failures="0" timestamp="3 Aug 2014 20:33:57 GMT" time="10.086" errors="0">
  <testcase name="testNonEmptyGroupCreation" time="4.643" classname="com.example.tests.CreateGroupTests"/>
  <testcase name="testEmptyGroupCreation" time="5.443" classname="com.example.tests.CreateGroupTests"/>
</testsuite> <!-- com.example.tests.CreateGroupTests -->
