<?xml version="1.0" encoding="UTF-8"?>
<!-- Generated by org.testng.reporters.JUnitReportReporter -->
<testsuite hostname="r9yzbgd" name="com.example.tests.CreateGroupTests" tests="2" failures="0" timestamp="13 Aug 2014 16:41:38 GMT" time="8.727" errors="0">
  <testcase name="testNonEmptyGroupCreation" time="4.050" classname="com.example.tests.CreateGroupTests"/>
  <testcase name="testEmptyGroupCreation" time="4.677" classname="com.example.tests.CreateGroupTests"/>
</testsuite> <!-- com.example.tests.CreateGroupTests -->
