<?xml version="1.0" encoding="UTF-8"?>
<!-- Generated by org.testng.reporters.JUnitReportReporter -->
<testsuite hostname="801646-ПК" name="com.example.tests.AlsoCreateGroupTests" tests="2" failures="0" timestamp="3 Aug 2014 20:33:57 GMT" time="8.159" errors="0">
  <testcase name="testNonEmptyGroupCreation" time="4.111" classname="com.example.tests.AlsoCreateGroupTests"/>
  <testcase name="testEmptyGroupCreation" time="4.048" classname="com.example.tests.AlsoCreateGroupTests"/>
</testsuite> <!-- com.example.tests.AlsoCreateGroupTests -->
