<?xml version="1.0" encoding="UTF-8"?>
<!-- Generated by org.testng.reporters.JUnitReportReporter -->
<testsuite hostname="801646-ПК" name="com.example.tests.CreateContactTests" tests="1" failures="0" timestamp="4 Aug 2014 06:25:17 GMT" time="6.491" errors="0">
  <testcase name="testUntitled3" time="6.491" classname="com.example.tests.CreateContactTests"/>
</testsuite> <!-- com.example.tests.CreateContactTests -->
